<?xml version="1.0" encoding="UTF-8"?>
<!-- Generated by org.testng.reporters.JUnitReportReporter -->
<testsuite name="com.test.automation.uiAutomation.homepage.TC001_VerifyLoginWithInvalidCredentailsToAutoMationPractices" tests="1" time="0.002" ignored="0" failures="0" timestamp="27 Mar 2018 06:13:13 GMT" skipped="1" hostname="DESKTOP-QBEO8F3" errors="0">
  <testcase name="verifyLoginWithInvalidCredentails" time="0.002" classname="com.test.automation.uiAutomation.homepage.TC001_VerifyLoginWithInvalidCredentailsToAutoMationPractices">
    <skipped/>
  </testcase> <!-- verifyLoginWithInvalidCredentails -->
</testsuite> <!-- com.test.automation.uiAutomation.homepage.TC001_VerifyLoginWithInvalidCredentailsToAutoMationPractices -->
