<?xml version="1.0" encoding="UTF-8"?>
<!-- Generated by org.testng.reporters.JUnitReportReporter -->
<testsuite name="com.test.automation.uiAutomation.addToCart.TC002_VerifyFacebookLink" tests="1" time="0.004" ignored="0" failures="0" timestamp="27 Mar 2018 06:13:13 GMT" skipped="1" hostname="DESKTOP-QBEO8F3" errors="0">
  <testcase name="verifyFacebookLink" time="0.004" classname="com.test.automation.uiAutomation.addToCart.TC002_VerifyFacebookLink">
    <skipped/>
  </testcase> <!-- verifyFacebookLink -->
</testsuite> <!-- com.test.automation.uiAutomation.addToCart.TC002_VerifyFacebookLink -->
